<?xml version="1.0" encoding="UTF-8"?>
<!-- Generated by org.testng.reporters.JUnitReportReporter -->
<testsuite name="com.automation.testCases.LoginTest" tests="1" time="12.734" ignored="0" failures="0" timestamp="08 Feb 2019 14:16:48 GMT" skipped="0" hostname="chinmaya-PC" errors="0">
  <testcase name="loginApp" time="12.734" classname="com.automation.testCases.LoginTest"/>
</testsuite> <!-- com.automation.testCases.LoginTest -->
