<?xml version="1.0" encoding="UTF-8"?>
<!-- Generated by org.testng.reporters.JUnitReportReporter -->
<testsuite name="com.automation.testCases.TestcaseWithoutFramework" tests="1" time="9.397" ignored="1" failures="0" timestamp="09 Feb 2019 18:57:10 GMT" skipped="0" hostname="chinmaya-PC" errors="0">
  <testcase name="test1" time="9.397" classname="com.automation.testCases.TestcaseWithoutFramework"/>
  <testcase name="suitSetup" classname="com.automation.pages.BaseClass">
    <skipped/>
  </testcase> <!-- suitSetup -->
</testsuite> <!-- com.automation.testCases.TestcaseWithoutFramework -->
