<?xml version="1.0" encoding="UTF-8"?>
<!-- Generated by org.testng.reporters.JUnitReportReporter -->
<testsuite name="com.automation.testCases.TestcaseWithoutFramework" tests="1" time="12.205" ignored="0" failures="0" timestamp="07 Feb 2019 21:04:43 GMT" skipped="0" hostname="chinmaya-PC" errors="0">
  <testcase name="test1" time="12.205" classname="com.automation.testCases.TestcaseWithoutFramework"/>
</testsuite> <!-- com.automation.testCases.TestcaseWithoutFramework -->
