<?xml version="1.0" encoding="UTF-8"?>
<!-- Generated by org.testng.reporters.JUnitReportReporter -->
<testsuite name="com.automation.testCases.LoginTest" tests="1" time="2.232" ignored="0" failures="0" timestamp="09 Feb 2019 10:54:13 GMT" skipped="0" hostname="chinmaya-PC" errors="0">
  <testcase name="loginApp" time="2.232" classname="com.automation.testCases.LoginTest"/>
</testsuite> <!-- com.automation.testCases.LoginTest -->
