<?xml version="1.0" encoding="UTF-8"?>
<!-- Generated by org.testng.reporters.JUnitReportReporter -->
<testsuite name="com.automation.testCases.LoginTest" tests="1" time="6.549" ignored="0" failures="0" timestamp="08 Feb 2019 06:39:42 GMT" skipped="0" hostname="chinmaya-PC" errors="0">
  <testcase name="loginApp" time="6.549" classname="com.automation.testCases.LoginTest"/>
</testsuite> <!-- com.automation.testCases.LoginTest -->
